<?xml version="1.0" encoding="utf-8" standalone="no"?>
<!--This file represents the results of running a test suite-->
<test-results name="E:\Dev\metahub\Test\metahub.nunit" total="2" errors="1" failures="0" not-run="0" inconclusive="0" ignored="0" skipped="0" invalid="0" date="2015-02-26" time="19:57:15">
  <environment nunit-version="2.6.4.14350" clr-version="2.0.50727.5485" os-version="Microsoft Windows NT 6.1.7601 Service Pack 1" platform="Win32NT" cwd="E:\Programs\NUnit 2.6.4\bin" machine-name="CJ-DEV" user="Chris Johnson" user-domain="CJ-Dev" />
  <culture-info current-culture="en-US" current-uiculture="en-US" />
  <test-suite type="Project" name="E:\Dev\metahub\Test\metahub.nunit" executed="True" result="Failure" success="False" time="0.119" asserts="0">
    <results>
      <test-suite type="Assembly" name="E:\Dev\metahub\Test\bin\Debug\Test.dll" executed="True" result="Failure" success="False" time="0.104" asserts="0">
        <results>
          <test-suite type="Namespace" name="test" executed="True" result="Failure" success="False" time="0.104" asserts="0">
            <results>
              <test-suite type="TestFixture" name="Equals_Test" executed="True" result="Failure" success="False" time="0.035" asserts="0">
                <results>
                  <test-case name="test.Equals_Test.test_equals" executed="True" result="Error" success="False" time="0.025" asserts="0">
                    <failure>
                      <message><![CDATA[System.Exception : Could not find file Test.schema.json.]]></message>
                      <stack-trace><![CDATA[at test.Utility.load_resource(String path) in E:\Dev\MetaHub\Test\Utility.cs:line 19
at test.Equals_Test.test_equals() in E:\Dev\MetaHub\Test\metahub\Equals_Test.cs:line 16
]]></stack-trace>
                    </failure>
                  </test-case>
                </results>
              </test-suite>
              <test-suite type="Namespace" name="imp" executed="True" result="Success" success="True" time="0.020" asserts="0">
                <results>
                  <test-suite type="TestFixture" name="Expression_Test" executed="True" result="Success" success="True" time="0.020" asserts="0">
                    <results>
                      <test-case name="test.imp.Expression_Test.test_next_parent" executed="True" result="Success" success="True" time="0.019" asserts="1" />
                    </results>
                  </test-suite>
                </results>
              </test-suite>
            </results>
          </test-suite>
        </results>
      </test-suite>
    </results>
  </test-suite>
</test-results>